{"/Users/david/Sites/demo-airbnb/express_pokemon/controllers/pokemon.ts": {"path":"/Users/david/Sites/demo-airbnb/express_pokemon/controllers/pokemon.ts","statementMap":{"0":{"start":{"line":2,"column":0},"end":{"line":2,"column":43}},"1":{"start":{"line":4,"column":28},"end":{"line":11,"column":2}},"2":{"start":{"line":4,"column":85},"end":{"line":11,"column":2}},"3":{"start":{"line":5,"column":2},"end":{"line":10,"column":null}},"4":{"start":{"line":6,"column":35},"end":{"line":6,"column":58}},"5":{"start":{"line":7,"column":4},"end":{"line":7,"column":45}},"6":{"start":{"line":9,"column":4},"end":{"line":9,"column":68}},"7":{"start":{"line":4,"column":13},"end":{"line":4,"column":28}},"8":{"start":{"line":13,"column":29},"end":{"line":21,"column":2}},"9":{"start":{"line":13,"column":86},"end":{"line":21,"column":2}},"10":{"start":{"line":14,"column":17},"end":{"line":14,"column":25}},"11":{"start":{"line":15,"column":2},"end":{"line":20,"column":null}},"12":{"start":{"line":16,"column":29},"end":{"line":16,"column":69}},"13":{"start":{"line":17,"column":4},"end":{"line":17,"column":41}},"14":{"start":{"line":19,"column":4},"end":{"line":19,"column":68}},"15":{"start":{"line":13,"column":13},"end":{"line":13,"column":29}}},"fnMap":{"0":{"name":"(anonymous_7)","decl":{"start":{"line":4,"column":28},"end":{"line":4,"column":35}},"loc":{"start":{"line":4,"column":85},"end":{"line":11,"column":2}}},"1":{"name":"(anonymous_8)","decl":{"start":{"line":4,"column":85},"end":{"line":4,"column":null}},"loc":{"start":{"line":4,"column":85},"end":{"line":11,"column":1}}},"2":{"name":"(anonymous_9)","decl":{"start":{"line":13,"column":29},"end":{"line":13,"column":36}},"loc":{"start":{"line":13,"column":86},"end":{"line":21,"column":2}}},"3":{"name":"(anonymous_10)","decl":{"start":{"line":13,"column":86},"end":{"line":13,"column":null}},"loc":{"start":{"line":13,"column":86},"end":{"line":21,"column":1}}}},"branchMap":{},"s":{"0":1,"1":1,"2":2,"3":2,"4":2,"5":1,"6":1,"7":1,"8":1,"9":2,"10":2,"11":2,"12":2,"13":1,"14":1,"15":1},"f":{"0":2,"1":2,"2":2,"3":2},"b":{}}
}
